Compiling the C compiler identification source file "CMakeCCompilerId.c" failed.
Compiler: C:/Users/D.JAY PRAKASH/AppData/Local/OpenHarmony/Sdk/native/5.0.1.0/llvm/bin/clang.exe 
Build flags: -g;-fdata-sections;-ffunction-sections;-funwind-tables;-fstack-protector-strong;-no-canonical-prefixes;-fno-addrsig;-Wa,--noexecstack;-Wformat;-Werror=format-security;-march=armv7a;;-D__MUSL__
Id flags:  

The output was:
1
error: unknown target CPU 'armv7a'
note: valid target CPU values are: nocona, core2, penryn, bonnell, atom, silvermont, slm, goldmont, goldmont-plus, tremont, nehalem, corei7, westmere, sandybridge, corei7-avx, ivybridge, core-avx-i, haswell, core-avx2, broadwell, skylake, skylake-avx512, skx, cascadelake, cooperlake, cannonlake, icelake-client, icelake-server, tigerlake, knl, knm, k8, athlon64, athlon-fx, opteron, k8-sse3, athlon64-sse3, opteron-sse3, amdfam10, barcelona, btver1, btver2, bdver1, bdver2, bdver3, bdver4, znver1, znver2, x86-64


Compiling the C compiler identification source file "CMakeCCompilerId.c" failed.
Compiler: C:/Users/D.JAY PRAKASH/AppData/Local/OpenHarmony/Sdk/native/5.0.1.0/llvm/bin/clang.exe 
Build flags: -g;-fdata-sections;-ffunction-sections;-funwind-tables;-fstack-protector-strong;-no-canonical-prefixes;-fno-addrsig;-Wa,--noexecstack;-Wformat;-Werror=format-security;-march=armv7a;;-D__MUSL__
Id flags: -c 

The output was:
1
error: unknown target CPU 'armv7a'
note: valid target CPU values are: nocona, core2, penryn, bonnell, atom, silvermont, slm, goldmont, goldmont-plus, tremont, nehalem, corei7, westmere, sandybridge, corei7-avx, ivybridge, core-avx-i, haswell, core-avx2, broadwell, skylake, skylake-avx512, skx, cascadelake, cooperlake, cannonlake, icelake-client, icelake-server, tigerlake, knl, knm, k8, athlon64, athlon-fx, opteron, k8-sse3, athlon64-sse3, opteron-sse3, amdfam10, barcelona, btver1, btver2, bdver1, bdver2, bdver3, bdver4, znver1, znver2, x86-64


Compiling the C compiler identification source file "CMakeCCompilerId.c" failed.
Compiler: C:/Users/D.JAY PRAKASH/AppData/Local/OpenHarmony/Sdk/native/5.0.1.0/llvm/bin/clang.exe 
Build flags: -g;-fdata-sections;-ffunction-sections;-funwind-tables;-fstack-protector-strong;-no-canonical-prefixes;-fno-addrsig;-Wa,--noexecstack;-Wformat;-Werror=format-security;-march=armv7a;;-D__MUSL__
Id flags: -Aa 

The output was:
1
clang: warning: argument unused during compilation: '-Aa' [-Wunused-command-line-argument]
error: unknown target CPU 'armv7a'
note: valid target CPU values are: nocona, core2, penryn, bonnell, atom, silvermont, slm, goldmont, goldmont-plus, tremont, nehalem, corei7, westmere, sandybridge, corei7-avx, ivybridge, core-avx-i, haswell, core-avx2, broadwell, skylake, skylake-avx512, skx, cascadelake, cooperlake, cannonlake, icelake-client, icelake-server, tigerlake, knl, knm, k8, athlon64, athlon-fx, opteron, k8-sse3, athlon64-sse3, opteron-sse3, amdfam10, barcelona, btver1, btver2, bdver1, bdver2, bdver3, bdver4, znver1, znver2, x86-64


Compiling the C compiler identification source file "CMakeCCompilerId.c" failed.
Compiler: C:/Users/D.JAY PRAKASH/AppData/Local/OpenHarmony/Sdk/native/5.0.1.0/llvm/bin/clang.exe 
Build flags: -g;-fdata-sections;-ffunction-sections;-funwind-tables;-fstack-protector-strong;-no-canonical-prefixes;-fno-addrsig;-Wa,--noexecstack;-Wformat;-Werror=format-security;-march=armv7a;;-D__MUSL__
Id flags: -D__CLASSIC_C__ 

The output was:
1
error: unknown target CPU 'armv7a'
note: valid target CPU values are: nocona, core2, penryn, bonnell, atom, silvermont, slm, goldmont, goldmont-plus, tremont, nehalem, corei7, westmere, sandybridge, corei7-avx, ivybridge, core-avx-i, haswell, core-avx2, broadwell, skylake, skylake-avx512, skx, cascadelake, cooperlake, cannonlake, icelake-client, icelake-server, tigerlake, knl, knm, k8, athlon64, athlon-fx, opteron, k8-sse3, athlon64-sse3, opteron-sse3, amdfam10, barcelona, btver1, btver2, bdver1, bdver2, bdver3, bdver4, znver1, znver2, x86-64


Compiling the C compiler identification source file "CMakeCCompilerId.c" failed.
Compiler: C:/Users/D.JAY PRAKASH/AppData/Local/OpenHarmony/Sdk/native/5.0.1.0/llvm/bin/clang.exe 
Build flags: -g;-fdata-sections;-ffunction-sections;-funwind-tables;-fstack-protector-strong;-no-canonical-prefixes;-fno-addrsig;-Wa,--noexecstack;-Wformat;-Werror=format-security;-march=armv7a;;-D__MUSL__
Id flags: --target=arm-arm-none-eabi;-mcpu=cortex-m3 

The output was:
1
ld.lld: error: unable to find library -lc
ld.lld: error: unable to find library -lm
ld.lld: error: unable to find library -lclang_rt.builtins-arm.a
clang: error: ld.lld command failed with exit code 1 (use -v to see invocation)


Compiling the C compiler identification source file "CMakeCCompilerId.c" failed.
Compiler: C:/Users/D.JAY PRAKASH/AppData/Local/OpenHarmony/Sdk/native/5.0.1.0/llvm/bin/clang.exe 
Build flags: 
Id flags:  

The output was:
1
clang: error: unable to execute command: program not executable
clang: error: linker command failed with exit code 1 (use -v to see invocation)


Compiling the CXX compiler identification source file "CMakeCXXCompilerId.cpp" failed.
Compiler: C:/Users/D.JAY PRAKASH/AppData/Local/OpenHarmony/Sdk/native/5.0.1.0/llvm/bin/clang++.exe 
Build flags: -g;-fdata-sections;-ffunction-sections;-funwind-tables;-fstack-protector-strong;-no-canonical-prefixes;-fno-addrsig;-Wa,--noexecstack;-Wformat;-Werror=format-security;-march=armv7a;;;-D__MUSL__
Id flags:  

The output was:
1
error: unknown target CPU 'armv7a'
note: valid target CPU values are: nocona, core2, penryn, bonnell, atom, silvermont, slm, goldmont, goldmont-plus, tremont, nehalem, corei7, westmere, sandybridge, corei7-avx, ivybridge, core-avx-i, haswell, core-avx2, broadwell, skylake, skylake-avx512, skx, cascadelake, cooperlake, cannonlake, icelake-client, icelake-server, tigerlake, knl, knm, k8, athlon64, athlon-fx, opteron, k8-sse3, athlon64-sse3, opteron-sse3, amdfam10, barcelona, btver1, btver2, bdver1, bdver2, bdver3, bdver4, znver1, znver2, x86-64


Compiling the CXX compiler identification source file "CMakeCXXCompilerId.cpp" failed.
Compiler: C:/Users/D.JAY PRAKASH/AppData/Local/OpenHarmony/Sdk/native/5.0.1.0/llvm/bin/clang++.exe 
Build flags: -g;-fdata-sections;-ffunction-sections;-funwind-tables;-fstack-protector-strong;-no-canonical-prefixes;-fno-addrsig;-Wa,--noexecstack;-Wformat;-Werror=format-security;-march=armv7a;;;-D__MUSL__
Id flags: -c 

The output was:
1
error: unknown target CPU 'armv7a'
note: valid target CPU values are: nocona, core2, penryn, bonnell, atom, silvermont, slm, goldmont, goldmont-plus, tremont, nehalem, corei7, westmere, sandybridge, corei7-avx, ivybridge, core-avx-i, haswell, core-avx2, broadwell, skylake, skylake-avx512, skx, cascadelake, cooperlake, cannonlake, icelake-client, icelake-server, tigerlake, knl, knm, k8, athlon64, athlon-fx, opteron, k8-sse3, athlon64-sse3, opteron-sse3, amdfam10, barcelona, btver1, btver2, bdver1, bdver2, bdver3, bdver4, znver1, znver2, x86-64


Compiling the CXX compiler identification source file "CMakeCXXCompilerId.cpp" failed.
Compiler: C:/Users/D.JAY PRAKASH/AppData/Local/OpenHarmony/Sdk/native/5.0.1.0/llvm/bin/clang++.exe 
Build flags: -g;-fdata-sections;-ffunction-sections;-funwind-tables;-fstack-protector-strong;-no-canonical-prefixes;-fno-addrsig;-Wa,--noexecstack;-Wformat;-Werror=format-security;-march=armv7a;;;-D__MUSL__
Id flags: --c++ 

The output was:
1
clang++: error: unsupported option '--c++'


Compiling the CXX compiler identification source file "CMakeCXXCompilerId.cpp" failed.
Compiler: C:/Users/D.JAY PRAKASH/AppData/Local/OpenHarmony/Sdk/native/5.0.1.0/llvm/bin/clang++.exe 
Build flags: -g;-fdata-sections;-ffunction-sections;-funwind-tables;-fstack-protector-strong;-no-canonical-prefixes;-fno-addrsig;-Wa,--noexecstack;-Wformat;-Werror=format-security;-march=armv7a;;;-D__MUSL__
Id flags: --ec++ 

The output was:
1
clang++: error: unsupported option '--ec++'


Compiling the CXX compiler identification source file "CMakeCXXCompilerId.cpp" failed.
Compiler: C:/Users/D.JAY PRAKASH/AppData/Local/OpenHarmony/Sdk/native/5.0.1.0/llvm/bin/clang++.exe 
Build flags: -g;-fdata-sections;-ffunction-sections;-funwind-tables;-fstack-protector-strong;-no-canonical-prefixes;-fno-addrsig;-Wa,--noexecstack;-Wformat;-Werror=format-security;-march=armv7a;;;-D__MUSL__
Id flags: --target=arm-arm-none-eabi;-mcpu=cortex-m3 

The output was:
1
ld.lld: error: unable to find library -lc++
ld.lld: error: unable to find library -lc++abi
ld.lld: error: unable to find library -lunwind
ld.lld: error: unable to find library -lc
ld.lld: error: unable to find library -lm
ld.lld: error: unable to find library -lclang_rt.builtins-arm.a
clang++: error: ld.lld command failed with exit code 1 (use -v to see invocation)


Compiling the CXX compiler identification source file "CMakeCXXCompilerId.cpp" failed.
Compiler: C:/Users/D.JAY PRAKASH/AppData/Local/OpenHarmony/Sdk/native/5.0.1.0/llvm/bin/clang++.exe 
Build flags: 
Id flags:  

The output was:
1
clang++: error: unable to execute command: program not executable
clang++: error: linker command failed with exit code 1 (use -v to see invocation)


Compiling the C compiler identification source file "CMakeCCompilerId.c" failed.
Compiler: C:/Users/D.JAY PRAKASH/AppData/Local/OpenHarmony/Sdk/native/5.0.1.0/llvm/bin/clang.exe 
Build flags: -g;-fdata-sections;-ffunction-sections;-funwind-tables;-fstack-protector-strong;-no-canonical-prefixes;-fno-addrsig;-Wa,--noexecstack;-Wformat;-Werror=format-security;-march=armv7a;;-D__MUSL__
Id flags:  

The output was:
1
error: unknown target CPU 'armv7a'
note: valid target CPU values are: nocona, core2, penryn, bonnell, atom, silvermont, slm, goldmont, goldmont-plus, tremont, nehalem, corei7, westmere, sandybridge, corei7-avx, ivybridge, core-avx-i, haswell, core-avx2, broadwell, skylake, skylake-avx512, skx, cascadelake, cooperlake, cannonlake, icelake-client, icelake-server, tigerlake, knl, knm, k8, athlon64, athlon-fx, opteron, k8-sse3, athlon64-sse3, opteron-sse3, amdfam10, barcelona, btver1, btver2, bdver1, bdver2, bdver3, bdver4, znver1, znver2, x86-64


Compiling the C compiler identification source file "CMakeCCompilerId.c" failed.
Compiler: C:/Users/D.JAY PRAKASH/AppData/Local/OpenHarmony/Sdk/native/5.0.1.0/llvm/bin/clang.exe 
Build flags: -g;-fdata-sections;-ffunction-sections;-funwind-tables;-fstack-protector-strong;-no-canonical-prefixes;-fno-addrsig;-Wa,--noexecstack;-Wformat;-Werror=format-security;-march=armv7a;;-D__MUSL__
Id flags: -c 

The output was:
1
error: unknown target CPU 'armv7a'
note: valid target CPU values are: nocona, core2, penryn, bonnell, atom, silvermont, slm, goldmont, goldmont-plus, tremont, nehalem, corei7, westmere, sandybridge, corei7-avx, ivybridge, core-avx-i, haswell, core-avx2, broadwell, skylake, skylake-avx512, skx, cascadelake, cooperlake, cannonlake, icelake-client, icelake-server, tigerlake, knl, knm, k8, athlon64, athlon-fx, opteron, k8-sse3, athlon64-sse3, opteron-sse3, amdfam10, barcelona, btver1, btver2, bdver1, bdver2, bdver3, bdver4, znver1, znver2, x86-64


Compiling the C compiler identification source file "CMakeCCompilerId.c" failed.
Compiler: C:/Users/D.JAY PRAKASH/AppData/Local/OpenHarmony/Sdk/native/5.0.1.0/llvm/bin/clang.exe 
Build flags: -g;-fdata-sections;-ffunction-sections;-funwind-tables;-fstack-protector-strong;-no-canonical-prefixes;-fno-addrsig;-Wa,--noexecstack;-Wformat;-Werror=format-security;-march=armv7a;;-D__MUSL__
Id flags: -Aa 

The output was:
1
clang: warning: argument unused during compilation: '-Aa' [-Wunused-command-line-argument]
error: unknown target CPU 'armv7a'
note: valid target CPU values are: nocona, core2, penryn, bonnell, atom, silvermont, slm, goldmont, goldmont-plus, tremont, nehalem, corei7, westmere, sandybridge, corei7-avx, ivybridge, core-avx-i, haswell, core-avx2, broadwell, skylake, skylake-avx512, skx, cascadelake, cooperlake, cannonlake, icelake-client, icelake-server, tigerlake, knl, knm, k8, athlon64, athlon-fx, opteron, k8-sse3, athlon64-sse3, opteron-sse3, amdfam10, barcelona, btver1, btver2, bdver1, bdver2, bdver3, bdver4, znver1, znver2, x86-64


Compiling the C compiler identification source file "CMakeCCompilerId.c" failed.
Compiler: C:/Users/D.JAY PRAKASH/AppData/Local/OpenHarmony/Sdk/native/5.0.1.0/llvm/bin/clang.exe 
Build flags: -g;-fdata-sections;-ffunction-sections;-funwind-tables;-fstack-protector-strong;-no-canonical-prefixes;-fno-addrsig;-Wa,--noexecstack;-Wformat;-Werror=format-security;-march=armv7a;;-D__MUSL__
Id flags: -D__CLASSIC_C__ 

The output was:
1
error: unknown target CPU 'armv7a'
note: valid target CPU values are: nocona, core2, penryn, bonnell, atom, silvermont, slm, goldmont, goldmont-plus, tremont, nehalem, corei7, westmere, sandybridge, corei7-avx, ivybridge, core-avx-i, haswell, core-avx2, broadwell, skylake, skylake-avx512, skx, cascadelake, cooperlake, cannonlake, icelake-client, icelake-server, tigerlake, knl, knm, k8, athlon64, athlon-fx, opteron, k8-sse3, athlon64-sse3, opteron-sse3, amdfam10, barcelona, btver1, btver2, bdver1, bdver2, bdver3, bdver4, znver1, znver2, x86-64


Compiling the C compiler identification source file "CMakeCCompilerId.c" failed.
Compiler: C:/Users/D.JAY PRAKASH/AppData/Local/OpenHarmony/Sdk/native/5.0.1.0/llvm/bin/clang.exe 
Build flags: -g;-fdata-sections;-ffunction-sections;-funwind-tables;-fstack-protector-strong;-no-canonical-prefixes;-fno-addrsig;-Wa,--noexecstack;-Wformat;-Werror=format-security;-march=armv7a;;-D__MUSL__
Id flags: --target=arm-arm-none-eabi;-mcpu=cortex-m3 

The output was:
1
ld.lld: error: unable to find library -lc
ld.lld: error: unable to find library -lm
ld.lld: error: unable to find library -lclang_rt.builtins-arm.a
clang: error: ld.lld command failed with exit code 1 (use -v to see invocation)


Compiling the C compiler identification source file "CMakeCCompilerId.c" failed.
Compiler: C:/Users/D.JAY PRAKASH/AppData/Local/OpenHarmony/Sdk/native/5.0.1.0/llvm/bin/clang.exe 
Build flags: 
Id flags:  

The output was:
1
clang: error: unable to execute command: program not executable
clang: error: linker command failed with exit code 1 (use -v to see invocation)


Compiling the CXX compiler identification source file "CMakeCXXCompilerId.cpp" failed.
Compiler: C:/Users/D.JAY PRAKASH/AppData/Local/OpenHarmony/Sdk/native/5.0.1.0/llvm/bin/clang++.exe 
Build flags: -g;-fdata-sections;-ffunction-sections;-funwind-tables;-fstack-protector-strong;-no-canonical-prefixes;-fno-addrsig;-Wa,--noexecstack;-Wformat;-Werror=format-security;-march=armv7a;;;-D__MUSL__
Id flags:  

The output was:
1
error: unknown target CPU 'armv7a'
note: valid target CPU values are: nocona, core2, penryn, bonnell, atom, silvermont, slm, goldmont, goldmont-plus, tremont, nehalem, corei7, westmere, sandybridge, corei7-avx, ivybridge, core-avx-i, haswell, core-avx2, broadwell, skylake, skylake-avx512, skx, cascadelake, cooperlake, cannonlake, icelake-client, icelake-server, tigerlake, knl, knm, k8, athlon64, athlon-fx, opteron, k8-sse3, athlon64-sse3, opteron-sse3, amdfam10, barcelona, btver1, btver2, bdver1, bdver2, bdver3, bdver4, znver1, znver2, x86-64


Compiling the CXX compiler identification source file "CMakeCXXCompilerId.cpp" failed.
Compiler: C:/Users/D.JAY PRAKASH/AppData/Local/OpenHarmony/Sdk/native/5.0.1.0/llvm/bin/clang++.exe 
Build flags: -g;-fdata-sections;-ffunction-sections;-funwind-tables;-fstack-protector-strong;-no-canonical-prefixes;-fno-addrsig;-Wa,--noexecstack;-Wformat;-Werror=format-security;-march=armv7a;;;-D__MUSL__
Id flags: -c 

The output was:
1
error: unknown target CPU 'armv7a'
note: valid target CPU values are: nocona, core2, penryn, bonnell, atom, silvermont, slm, goldmont, goldmont-plus, tremont, nehalem, corei7, westmere, sandybridge, corei7-avx, ivybridge, core-avx-i, haswell, core-avx2, broadwell, skylake, skylake-avx512, skx, cascadelake, cooperlake, cannonlake, icelake-client, icelake-server, tigerlake, knl, knm, k8, athlon64, athlon-fx, opteron, k8-sse3, athlon64-sse3, opteron-sse3, amdfam10, barcelona, btver1, btver2, bdver1, bdver2, bdver3, bdver4, znver1, znver2, x86-64


Compiling the CXX compiler identification source file "CMakeCXXCompilerId.cpp" failed.
Compiler: C:/Users/D.JAY PRAKASH/AppData/Local/OpenHarmony/Sdk/native/5.0.1.0/llvm/bin/clang++.exe 
Build flags: -g;-fdata-sections;-ffunction-sections;-funwind-tables;-fstack-protector-strong;-no-canonical-prefixes;-fno-addrsig;-Wa,--noexecstack;-Wformat;-Werror=format-security;-march=armv7a;;;-D__MUSL__
Id flags: --c++ 

The output was:
1
clang++: error: unsupported option '--c++'


Compiling the CXX compiler identification source file "CMakeCXXCompilerId.cpp" failed.
Compiler: C:/Users/D.JAY PRAKASH/AppData/Local/OpenHarmony/Sdk/native/5.0.1.0/llvm/bin/clang++.exe 
Build flags: -g;-fdata-sections;-ffunction-sections;-funwind-tables;-fstack-protector-strong;-no-canonical-prefixes;-fno-addrsig;-Wa,--noexecstack;-Wformat;-Werror=format-security;-march=armv7a;;;-D__MUSL__
Id flags: --ec++ 

The output was:
1
clang++: error: unsupported option '--ec++'


Compiling the CXX compiler identification source file "CMakeCXXCompilerId.cpp" failed.
Compiler: C:/Users/D.JAY PRAKASH/AppData/Local/OpenHarmony/Sdk/native/5.0.1.0/llvm/bin/clang++.exe 
Build flags: -g;-fdata-sections;-ffunction-sections;-funwind-tables;-fstack-protector-strong;-no-canonical-prefixes;-fno-addrsig;-Wa,--noexecstack;-Wformat;-Werror=format-security;-march=armv7a;;;-D__MUSL__
Id flags: --target=arm-arm-none-eabi;-mcpu=cortex-m3 

The output was:
1
ld.lld: error: unable to find library -lc++
ld.lld: error: unable to find library -lc++abi
ld.lld: error: unable to find library -lunwind
ld.lld: error: unable to find library -lc
ld.lld: error: unable to find library -lm
ld.lld: error: unable to find library -lclang_rt.builtins-arm.a
clang++: error: ld.lld command failed with exit code 1 (use -v to see invocation)


Compiling the CXX compiler identification source file "CMakeCXXCompilerId.cpp" failed.
Compiler: C:/Users/D.JAY PRAKASH/AppData/Local/OpenHarmony/Sdk/native/5.0.1.0/llvm/bin/clang++.exe 
Build flags: 
Id flags:  

The output was:
1
clang++: error: unable to execute command: program not executable
clang++: error: linker command failed with exit code 1 (use -v to see invocation)


Compiling the C compiler identification source file "CMakeCCompilerId.c" failed.
Compiler: C:/Users/D.JAY PRAKASH/AppData/Local/OpenHarmony/Sdk/native/5.0.1.0/llvm/bin/clang.exe 
Build flags: -g;-fdata-sections;-ffunction-sections;-funwind-tables;-fstack-protector-strong;-no-canonical-prefixes;-fno-addrsig;-Wa,--noexecstack;-Wformat;-Werror=format-security;-march=armv7a;;-D__MUSL__
Id flags:  

The output was:
1
error: unknown target CPU 'armv7a'
note: valid target CPU values are: nocona, core2, penryn, bonnell, atom, silvermont, slm, goldmont, goldmont-plus, tremont, nehalem, corei7, westmere, sandybridge, corei7-avx, ivybridge, core-avx-i, haswell, core-avx2, broadwell, skylake, skylake-avx512, skx, cascadelake, cooperlake, cannonlake, icelake-client, icelake-server, tigerlake, knl, knm, k8, athlon64, athlon-fx, opteron, k8-sse3, athlon64-sse3, opteron-sse3, amdfam10, barcelona, btver1, btver2, bdver1, bdver2, bdver3, bdver4, znver1, znver2, x86-64


Compiling the C compiler identification source file "CMakeCCompilerId.c" failed.
Compiler: C:/Users/D.JAY PRAKASH/AppData/Local/OpenHarmony/Sdk/native/5.0.1.0/llvm/bin/clang.exe 
Build flags: -g;-fdata-sections;-ffunction-sections;-funwind-tables;-fstack-protector-strong;-no-canonical-prefixes;-fno-addrsig;-Wa,--noexecstack;-Wformat;-Werror=format-security;-march=armv7a;;-D__MUSL__
Id flags: -c 

The output was:
1
error: unknown target CPU 'armv7a'
note: valid target CPU values are: nocona, core2, penryn, bonnell, atom, silvermont, slm, goldmont, goldmont-plus, tremont, nehalem, corei7, westmere, sandybridge, corei7-avx, ivybridge, core-avx-i, haswell, core-avx2, broadwell, skylake, skylake-avx512, skx, cascadelake, cooperlake, cannonlake, icelake-client, icelake-server, tigerlake, knl, knm, k8, athlon64, athlon-fx, opteron, k8-sse3, athlon64-sse3, opteron-sse3, amdfam10, barcelona, btver1, btver2, bdver1, bdver2, bdver3, bdver4, znver1, znver2, x86-64


Compiling the C compiler identification source file "CMakeCCompilerId.c" failed.
Compiler: C:/Users/D.JAY PRAKASH/AppData/Local/OpenHarmony/Sdk/native/5.0.1.0/llvm/bin/clang.exe 
Build flags: -g;-fdata-sections;-ffunction-sections;-funwind-tables;-fstack-protector-strong;-no-canonical-prefixes;-fno-addrsig;-Wa,--noexecstack;-Wformat;-Werror=format-security;-march=armv7a;;-D__MUSL__
Id flags: -Aa 

The output was:
1
clang: warning: argument unused during compilation: '-Aa' [-Wunused-command-line-argument]
error: unknown target CPU 'armv7a'
note: valid target CPU values are: nocona, core2, penryn, bonnell, atom, silvermont, slm, goldmont, goldmont-plus, tremont, nehalem, corei7, westmere, sandybridge, corei7-avx, ivybridge, core-avx-i, haswell, core-avx2, broadwell, skylake, skylake-avx512, skx, cascadelake, cooperlake, cannonlake, icelake-client, icelake-server, tigerlake, knl, knm, k8, athlon64, athlon-fx, opteron, k8-sse3, athlon64-sse3, opteron-sse3, amdfam10, barcelona, btver1, btver2, bdver1, bdver2, bdver3, bdver4, znver1, znver2, x86-64


Compiling the C compiler identification source file "CMakeCCompilerId.c" failed.
Compiler: C:/Users/D.JAY PRAKASH/AppData/Local/OpenHarmony/Sdk/native/5.0.1.0/llvm/bin/clang.exe 
Build flags: -g;-fdata-sections;-ffunction-sections;-funwind-tables;-fstack-protector-strong;-no-canonical-prefixes;-fno-addrsig;-Wa,--noexecstack;-Wformat;-Werror=format-security;-march=armv7a;;-D__MUSL__
Id flags: -D__CLASSIC_C__ 

The output was:
1
error: unknown target CPU 'armv7a'
note: valid target CPU values are: nocona, core2, penryn, bonnell, atom, silvermont, slm, goldmont, goldmont-plus, tremont, nehalem, corei7, westmere, sandybridge, corei7-avx, ivybridge, core-avx-i, haswell, core-avx2, broadwell, skylake, skylake-avx512, skx, cascadelake, cooperlake, cannonlake, icelake-client, icelake-server, tigerlake, knl, knm, k8, athlon64, athlon-fx, opteron, k8-sse3, athlon64-sse3, opteron-sse3, amdfam10, barcelona, btver1, btver2, bdver1, bdver2, bdver3, bdver4, znver1, znver2, x86-64


Compiling the C compiler identification source file "CMakeCCompilerId.c" failed.
Compiler: C:/Users/D.JAY PRAKASH/AppData/Local/OpenHarmony/Sdk/native/5.0.1.0/llvm/bin/clang.exe 
Build flags: -g;-fdata-sections;-ffunction-sections;-funwind-tables;-fstack-protector-strong;-no-canonical-prefixes;-fno-addrsig;-Wa,--noexecstack;-Wformat;-Werror=format-security;-march=armv7a;;-D__MUSL__
Id flags: --target=arm-arm-none-eabi;-mcpu=cortex-m3 

The output was:
1
ld.lld: error: unable to find library -lc
ld.lld: error: unable to find library -lm
ld.lld: error: unable to find library -lclang_rt.builtins-arm.a
clang: error: ld.lld command failed with exit code 1 (use -v to see invocation)


Compiling the C compiler identification source file "CMakeCCompilerId.c" failed.
Compiler: C:/Users/D.JAY PRAKASH/AppData/Local/OpenHarmony/Sdk/native/5.0.1.0/llvm/bin/clang.exe 
Build flags: 
Id flags:  

The output was:
1
clang: error: unable to execute command: program not executable
clang: error: linker command failed with exit code 1 (use -v to see invocation)


Compiling the CXX compiler identification source file "CMakeCXXCompilerId.cpp" failed.
Compiler: C:/Users/D.JAY PRAKASH/AppData/Local/OpenHarmony/Sdk/native/5.0.1.0/llvm/bin/clang++.exe 
Build flags: -g;-fdata-sections;-ffunction-sections;-funwind-tables;-fstack-protector-strong;-no-canonical-prefixes;-fno-addrsig;-Wa,--noexecstack;-Wformat;-Werror=format-security;-march=armv7a;;;-D__MUSL__
Id flags:  

The output was:
1
error: unknown target CPU 'armv7a'
note: valid target CPU values are: nocona, core2, penryn, bonnell, atom, silvermont, slm, goldmont, goldmont-plus, tremont, nehalem, corei7, westmere, sandybridge, corei7-avx, ivybridge, core-avx-i, haswell, core-avx2, broadwell, skylake, skylake-avx512, skx, cascadelake, cooperlake, cannonlake, icelake-client, icelake-server, tigerlake, knl, knm, k8, athlon64, athlon-fx, opteron, k8-sse3, athlon64-sse3, opteron-sse3, amdfam10, barcelona, btver1, btver2, bdver1, bdver2, bdver3, bdver4, znver1, znver2, x86-64


Compiling the CXX compiler identification source file "CMakeCXXCompilerId.cpp" failed.
Compiler: C:/Users/D.JAY PRAKASH/AppData/Local/OpenHarmony/Sdk/native/5.0.1.0/llvm/bin/clang++.exe 
Build flags: -g;-fdata-sections;-ffunction-sections;-funwind-tables;-fstack-protector-strong;-no-canonical-prefixes;-fno-addrsig;-Wa,--noexecstack;-Wformat;-Werror=format-security;-march=armv7a;;;-D__MUSL__
Id flags: -c 

The output was:
1
error: unknown target CPU 'armv7a'
note: valid target CPU values are: nocona, core2, penryn, bonnell, atom, silvermont, slm, goldmont, goldmont-plus, tremont, nehalem, corei7, westmere, sandybridge, corei7-avx, ivybridge, core-avx-i, haswell, core-avx2, broadwell, skylake, skylake-avx512, skx, cascadelake, cooperlake, cannonlake, icelake-client, icelake-server, tigerlake, knl, knm, k8, athlon64, athlon-fx, opteron, k8-sse3, athlon64-sse3, opteron-sse3, amdfam10, barcelona, btver1, btver2, bdver1, bdver2, bdver3, bdver4, znver1, znver2, x86-64


Compiling the CXX compiler identification source file "CMakeCXXCompilerId.cpp" failed.
Compiler: C:/Users/D.JAY PRAKASH/AppData/Local/OpenHarmony/Sdk/native/5.0.1.0/llvm/bin/clang++.exe 
Build flags: -g;-fdata-sections;-ffunction-sections;-funwind-tables;-fstack-protector-strong;-no-canonical-prefixes;-fno-addrsig;-Wa,--noexecstack;-Wformat;-Werror=format-security;-march=armv7a;;;-D__MUSL__
Id flags: --c++ 

The output was:
1
clang++: error: unsupported option '--c++'


Compiling the CXX compiler identification source file "CMakeCXXCompilerId.cpp" failed.
Compiler: C:/Users/D.JAY PRAKASH/AppData/Local/OpenHarmony/Sdk/native/5.0.1.0/llvm/bin/clang++.exe 
Build flags: -g;-fdata-sections;-ffunction-sections;-funwind-tables;-fstack-protector-strong;-no-canonical-prefixes;-fno-addrsig;-Wa,--noexecstack;-Wformat;-Werror=format-security;-march=armv7a;;;-D__MUSL__
Id flags: --ec++ 

The output was:
1
clang++: error: unsupported option '--ec++'


Compiling the CXX compiler identification source file "CMakeCXXCompilerId.cpp" failed.
Compiler: C:/Users/D.JAY PRAKASH/AppData/Local/OpenHarmony/Sdk/native/5.0.1.0/llvm/bin/clang++.exe 
Build flags: -g;-fdata-sections;-ffunction-sections;-funwind-tables;-fstack-protector-strong;-no-canonical-prefixes;-fno-addrsig;-Wa,--noexecstack;-Wformat;-Werror=format-security;-march=armv7a;;;-D__MUSL__
Id flags: --target=arm-arm-none-eabi;-mcpu=cortex-m3 

The output was:
1
ld.lld: error: unable to find library -lc++
ld.lld: error: unable to find library -lc++abi
ld.lld: error: unable to find library -lunwind
ld.lld: error: unable to find library -lc
ld.lld: error: unable to find library -lm
ld.lld: error: unable to find library -lclang_rt.builtins-arm.a
clang++: error: ld.lld command failed with exit code 1 (use -v to see invocation)


Compiling the CXX compiler identification source file "CMakeCXXCompilerId.cpp" failed.
Compiler: C:/Users/D.JAY PRAKASH/AppData/Local/OpenHarmony/Sdk/native/5.0.1.0/llvm/bin/clang++.exe 
Build flags: 
Id flags:  

The output was:
1
clang++: error: unable to execute command: program not executable
clang++: error: linker command failed with exit code 1 (use -v to see invocation)


